<?xml version="1.0" encoding="UTF-8"?>
<testsuite xmlns:xsi="http://www.w3.org/2001/XMLSchema-instance" xsi:noNamespaceSchemaLocation="https://maven.apache.org/surefire/maven-surefire-plugin/xsd/surefire-test-report-3.0.xsd" version="3.0" name="com.oracle.acs.MainTest" time="3.837" tests="5" errors="0" skipped="0" failures="0">
  <properties>
[...]
</properties>
  <testcase name="testGreet" classname="com.oracle.acs.MainTest" time="0.427">
    <system-out><![CDATA[2022.08.24 23:07:47 INFO io.helidon.common.LogConfig Thread[main,5,main]: Logging at initialization configured using C:\Users\tuna3\OneDrive\Documents\Bilkent\Cs\csProje\App4\weblogicMonitoring\target\classes\logging.properties
2022.08.24 23:07:47 INFO io.helidon.microprofile.server.ServerCdiExtension Thread[main,5,main]: Registering JAX-RS Application: HelidonMP
2022.08.24 23:07:48 INFO io.helidon.webserver.NettyWebServer Thread[nioEventLoopGroup-2-1,10,main]: Channel '@default' started: [id: 0x55d12557, L:/[0:0:0:0:0:0:0:0]:54118]
2022.08.24 23:07:48 INFO io.helidon.microprofile.server.ServerCdiExtension Thread[main,5,main]: Server started on http://localhost:54118 (and all other host addresses) in 3570 milliseconds (since JVM startup).
2022.08.24 23:07:48 INFO io.helidon.common.HelidonFeatures Thread[features-thread,5,main]: Helidon MP 3.0.1 features: [CDI, Config, Health, JAX-RS, Metrics, Open API, Server]
]]></system-out>
    <system-err><![CDATA[SLF4J: Failed to load class "org.slf4j.impl.StaticLoggerBinder".
SLF4J: Defaulting to no-operation (NOP) logger implementation
SLF4J: See http://www.slf4j.org/codes.html#StaticLoggerBinder for further details.
]]></system-err>
  </testcase>
  <testcase name="testGreetings" classname="com.oracle.acs.MainTest" time="0.044"/>
  <testcase name="testHealth" classname="com.oracle.acs.MainTest" time="0.037"/>
  <testcase name="testMetrics" classname="com.oracle.acs.MainTest" time="0.029"/>
  <testcase name="testMicroprofileMetrics" classname="com.oracle.acs.MainTest" time="0.028"/>
</testsuite>